/BATCH  
/COM,ANSYS RELEASE 2023 R1           BUILD 23.1      UP20221128       17:28:47
RESUME,'tower','db','.' 
/COM,ANSYS RELEASE 2023 R1           BUILD 23.1      UP20221128       17:28:47
/REPLOT,RESIZE  
/POST1  
PLDISP,1
PLDISP,1
/FOC, 1 ,0.300000,,,1   
/REP,FAST   
/FOC, 1 ,-0.300000,,,1  
/REP,FAST   
/ANG, 1 ,30.000000,ZS,1 
/REP,FAST   
/ANG, 1 ,-30.000000,ZS,1
/REP,FAST   
/ANG, 1 ,-30.000000,YS,1
/REP,FAST   
/ANG, 1 ,4.000000,YS,1  
/REP,FAST   
/ANG, 1 ,4.000000,YS,1  
/REP,FAST   
/ANG, 1 ,4.000000,YS,1  
/REP,FAST   
/ANG, 1 ,4.000000,YS,1  
/REP,FAST   
/ANG, 1 ,4.000000,YS,1  
/REP,FAST   
/ANG, 1 ,4.000000,YS,1  
/REP,FAST   
/ANG, 1 ,4.000000,YS,1  
/REP,FAST   
/ANG, 1 ,4.000000,YS,1  
/REP,FAST   
/ANG, 1 ,4.000000,YS,1  
/REP,FAST   
/ANG, 1 ,4.000000,YS,1  
/REP,FAST   
/ANG, 1 ,4.000000,YS,1  
/REP,FAST   
/ANG, 1 ,4.000000,YS,1  
/REP,FAST   
/ANG, 1 ,4.000000,YS,1  
/REP,FAST   
/ANG, 1 ,4.000000,YS,1  
/REP,FAST   
/ANG, 1 ,4.000000,YS,1  
/REP,FAST   
/ANG, 1 ,4.000000,YS,1  
/REP,FAST   
/ANG, 1 ,4.000000,YS,1  
/REP,FAST   
/ANG, 1 ,4.000000,YS,1  
/REP,FAST   
/ANG, 1 ,4.000000,YS,1  
/REP,FAST   
/ANG, 1 ,4.000000,YS,1  
/REP,FAST   
/ANG, 1 ,4.000000,YS,1  
/REP,FAST   
/ANG, 1 ,4.000000,YS,1  
/REP,FAST   
/ANG, 1 ,4.000000,YS,1  
/REP,FAST   
/ANG, 1 ,4.000000,YS,1  
/REP,FAST   
/ANG, 1 ,4.000000,YS,1  
/REP,FAST   
/ANG, 1 ,4.000000,YS,1  
/REP,FAST   
/ANG, 1 ,4.000000,YS,1  
/REP,FAST   
/ANG, 1 ,4.000000,YS,1  
/REP,FAST   
/ANG, 1 ,4.000000,YS,1  
/REP,FAST   
/ANG, 1 ,4.000000,YS,1  
/REP,FAST   
/ANG, 1 ,4.000000,YS,1  
/REP,FAST   
/ANG, 1 ,4.000000,YS,1  
/REP,FAST   
/ANG, 1 ,4.000000,YS,1  
/REP,FAST   
/ANG, 1 ,4.000000,YS,1  
/REP,FAST   
/ANG, 1 ,4.000000,YS,1  
/REP,FAST   
FINISH  
! /EXIT,ALL 
