/BATCH  
/COM,ANSYS RELEASE 2023 R1           BUILD 23.1      UP20221128       15:47:13
/input,menust,tmp,''
/GRA,POWER
/GST,ON
/PLO,INFO,3
/GRO,CURL,ON
/CPLANE,1   
/REPLOT,RESIZE  
WPSTYLE,,,,,,,,0
/REPLOT,RESIZE  
!*  
/NOPR   
KEYW,PR_SET,1   
KEYW,PR_STRUC,1 
KEYW,PR_THERM,0 
KEYW,PR_FLUID,0 
KEYW,PR_ELMAG,0 
KEYW,MAGNOD,0   
KEYW,MAGEDG,0   
KEYW,MAGHFE,0   
KEYW,MAGELC,0   
KEYW,PR_MULTI,0 
/GO 
!*  
/COM,   
/COM,Preferences for GUI filtering have been set to display:
/COM,  Structural   
!*  
/PREP7  
!*  
ET,1,BEAM188
!*  
ET,2,BEAM188
!*  
!*  
MPTEMP,,,,,,,,  
MPTEMP,1,0  
MPDATA,EX,1,,7.5999e+10 
MPDATA,PRXY,1,,0.3  
MPTEMP,,,,,,,,  
MPTEMP,1,0  
MPDATA,EX,2,,7.5999e+10 
MPDATA,PRXY,2,,0.3  
SECTYPE,   1, BEAM, CSOLID, , 0 
SECOFFSET, CENT 
SECDATA,0.01,0,0,0,0,0,0,0,0,0,0,0  
SECTYPE,   2, BEAM, CSOLID, , 0 
SECOFFSET, CENT 
SECDATA,0.0008,0,0,0,0,0,0,0,0,0,0,0
SECTYPE,   2, BEAM, CSOLID, , 0 
SECOFFSET, CENT 
SECDATA,0.0008,0,0,0,0,0,0,0,0,0,0,0
K,1,0,500,0,
K,1,0,0,0,  
K,2,0,500,0,
/AUTO,1 
/REP,FAST   
LSTR,       1,       2  
CM,_Y,LINE  
LSEL, , , ,       1 
CM,_Y1,LINE 
CMSEL,S,_Y  
!*  
!*  
CMSEL,S,_Y1 
LATT,1, ,1, , , ,1  
CMSEL,S,_Y  
CMDELE,_Y   
CMDELE,_Y1  
!*  
LMESH,       1  
SMRT,6  
SMRT,2  
LMESH,       1  
FINISH  
/SOL
FINISH  
/PREP7  
FLST,2,1,3,ORDE,1   
FITEM,2,1   
!*  
/GO 
DK,P51X, , , ,0,ALL, , , , , ,  
/DIST, 1 ,0.924021,1
/REP,FAST   
/DIST, 1 ,0.924021,1
/REP,FAST   
/DIST, 1 ,0.924021,1
/REP,FAST   
/DIST, 1 ,1.082226,1
/REP,FAST   
/DIST, 1 ,1.082226,1
/REP,FAST   
/DIST, 1 ,1.082226,1
/REP,FAST   
/DIST, 1 ,1.082226,1
/REP,FAST   
/DIST, 1 ,1.082226,1
/REP,FAST   
/DIST, 1 ,1.082226,1
/REP,FAST   
/DIST, 1 ,1.082226,1
/REP,FAST   
/DIST, 1 ,1.082226,1
/REP,FAST   
FLST,2,1,3,ORDE,1   
FITEM,2,2   
!*  
/GO 
FK,P51X,FY,-1000
FINISH  
/SOL
/STATUS,SOLU
SOLVE   
FINISH  
/POST1  
!*  
/EFACET,1   
PLNSOL, S,EQV, 1,1.0
/DIST, 1 ,0.924021,1
/REP,FAST   
/DIST, 1 ,0.924021,1
/REP,FAST   
/DIST, 1 ,0.924021,1
/REP,FAST   
/DIST, 1 ,0.924021,1
/REP,FAST   
/DIST, 1 ,0.924021,1
/REP,FAST   
/DIST, 1 ,0.924021,1
/REP,FAST   
/DIST, 1 ,0.924021,1
/REP,FAST   
/DIST, 1 ,0.924021,1
/REP,FAST   
/DIST, 1 ,0.924021,1
/REP,FAST   
/DIST, 1 ,0.924021,1
/REP,FAST   
/DIST, 1 ,0.924021,1
/REP,FAST   
/DIST, 1 ,0.924021,1
/REP,FAST   
/DIST, 1 ,0.924021,1
/REP,FAST   
/DIST, 1 ,0.924021,1
/REP,FAST   
/DIST, 1 ,0.924021,1
/REP,FAST   
/DIST, 1 ,0.924021,1
/REP,FAST   
/DIST, 1 ,0.924021,1
/REP,FAST   
/DIST, 1 ,0.924021,1
/REP,FAST   
/DIST, 1 ,0.924021,1
/REP,FAST   
/DIST, 1 ,0.924021,1
/REP,FAST   
/DIST, 1 ,0.924021,1
/REP,FAST   
/DIST, 1 ,0.924021,1
/REP,FAST   
/DIST, 1 ,0.924021,1
/REP,FAST   
/DIST, 1 ,0.924021,1
/REP,FAST   
/DIST, 1 ,0.924021,1
/REP,FAST   
/DIST, 1 ,0.924021,1
/REP,FAST   
/DIST, 1 ,0.924021,1
/REP,FAST   
/DIST, 1 ,0.924021,1
/REP,FAST   
/DIST, 1 ,0.924021,1
/REP,FAST   
/DIST, 1 ,0.924021,1
/REP,FAST   
/DIST, 1 ,0.924021,1
/REP,FAST   
/DIST, 1 ,0.924021,1
/REP,FAST   
/DIST, 1 ,0.924021,1
/REP,FAST   
/DIST, 1 ,0.924021,1
/REP,FAST   
/DIST, 1 ,1.082226,1
/REP,FAST   
/DIST, 1 ,1.082226,1
/REP,FAST   
/DIST, 1 ,1.082226,1
/REP,FAST   
/DIST, 1 ,1.082226,1
/REP,FAST   
/DIST, 1 ,1.082226,1
/REP,FAST   
/DIST, 1 ,1.082226,1
/REP,FAST   
/DIST, 1 ,1.082226,1
/REP,FAST   
/DIST, 1 ,1.082226,1
/REP,FAST   
/DIST, 1 ,1.082226,1
/REP,FAST   
/DIST, 1 ,1.082226,1
/REP,FAST   
/DIST, 1 ,1.082226,1
/REP,FAST   
/DIST, 1 ,1.082226,1
/REP,FAST   
/DIST, 1 ,1.082226,1
/REP,FAST   
/DIST, 1 ,1.082226,1
/REP,FAST   
/DIST, 1 ,1.082226,1
/REP,FAST   
/DIST, 1 ,1.082226,1
/REP,FAST   
/DIST, 1 ,1.082226,1
/REP,FAST   
/DIST, 1 ,1.082226,1
/REP,FAST   
/DIST, 1 ,1.082226,1
/REP,FAST   
/DIST, 1 ,1.082226,1
/REP,FAST   
/DIST, 1 ,1.082226,1
/REP,FAST   
/DIST, 1 ,1.082226,1
/REP,FAST   
/DIST, 1 ,1.082226,1
/REP,FAST   
/DIST, 1 ,1.082226,1
/REP,FAST   
/DIST, 1 ,1.082226,1
/REP,FAST   
/DIST, 1 ,1.082226,1
/REP,FAST   
/DIST, 1 ,1.082226,1
/REP,FAST   
/DIST, 1 ,1.082226,1
/REP,FAST   
/DIST, 1 ,1.082226,1
/REP,FAST   
/DIST, 1 ,1.082226,1
/REP,FAST   
/DIST, 1 ,1.082226,1
/REP,FAST   
/DIST, 1 ,1.082226,1
/REP,FAST   
/USER,  1   
/DIST,  1,   540.009991834  
/ANG,   1,   5.40000000000  
/REPLO  
/DIST, 1 ,0.924021,1
/REP,FAST   
/DIST, 1 ,0.924021,1
/REP,FAST   
/DIST, 1 ,0.924021,1
/REP,FAST   
/DIST, 1 ,0.924021,1
/REP,FAST   
/DIST, 1 ,0.924021,1
/REP,FAST   
/DIST, 1 ,0.924021,1
/REP,FAST   
/DIST, 1 ,0.924021,1
/REP,FAST   
/DIST, 1 ,0.924021,1
/REP,FAST   
/DIST, 1 ,0.924021,1
/REP,FAST   
/DIST,  1,   351.882170098  
/ANG,   1,   56.4000000000  
/REPLO  
/DIST, 1 ,0.924021,1
/REP,FAST   
/DIST, 1 ,0.924021,1
/REP,FAST   
/DIST, 1 ,0.924021,1
/REP,FAST   
/DIST, 1 ,0.924021,1
/REP,FAST   
/DIST, 1 ,0.924021,1
/REP,FAST   
/DIST, 1 ,0.924021,1
/REP,FAST   
/DIST, 1 ,0.924021,1
/REP,FAST   
/DIST,  1,   274.994800686  
/ANG,   1,  -6.00000000000  
/REPLO  
/DIST, 1 ,0.924021,1
/REP,FAST   
/DIST, 1 ,0.924021,1
/REP,FAST   
/DIST, 1 ,0.924021,1
/REP,FAST   
/DIST, 1 ,0.924021,1
/REP,FAST   
/DIST, 1 ,0.924021,1
/REP,FAST   
/VIEW,1,1,1,1   
/ANG,1  
/REP,FAST   
/AUTO,1 
/REP,FAST   
/DIST, 1 ,0.924021,1
/REP,FAST   
/DIST, 1 ,0.924021,1
/REP,FAST   
/DIST, 1 ,1.082226,1
/REP,FAST   
/DIST, 1 ,1.082226,1
/REP,FAST   
/DIST, 1 ,1.082226,1
/REP,FAST   
/DIST, 1 ,1.082226,1
/REP,FAST   
/DIST, 1 ,1.082226,1
/REP,FAST   
/DIST, 1 ,0.924021,1
/REP,FAST   
/DIST, 1 ,0.924021,1
/REP,FAST   
/DIST, 1 ,0.924021,1
/REP,FAST   
/DIST, 1 ,0.924021,1
/REP,FAST   
/SHOW,WIN32C
SET,FIRST   
/PLOPTS,INFO,3  
/CONTOUR,ALL,18 
/PNUM,MAT,1 
/NUMBER,1   
/REPLOT,RESIZE  
PLNSOL,S,EQV
PLNSOL,S,EQV
PLNSOL,S,EQV
EPLOT   
FINISH  
/POST26 
FILE,'file','rst','.'   
/UI,COLL,1  
NUMVAR,200  
SOLU,191,NCMIT  
STORE,MERGE 
FILLDATA,191,,,,1,1 
REALVAR,191,191 
FINISH  
/POST1  
FILE,'file','rst','.'   
EPLOT   
PLNSOL,S,EQV
! /UIS,ABORT,1  
/SHOW,WIN32 
/REPLOT,RESIZE  
FINISH  
! /CLEAR,START  
!*  
/PREP7  
SECTYPE,   1, BEAM, CSOLID, , 0 
SECOFFSET, CENT 
SECDATA,0.1,0,0,0,0,0,0,0,0,0,0,0   
SECTYPE,   1, BEAM, CSOLID, , 0 
SECOFFSET, CENT 
SECDATA,0.1,0,0,0,0,0,0,0,0,0,0,0   
FINISH  
/SOL
/STATUS,SOLU
SOLVE   
FINISH  
/POST1  
PLDISP,1
/DIST, 1 ,0.924021,1
/REP,FAST   
/DIST, 1 ,0.924021,1
/REP,FAST   
/DIST, 1 ,0.924021,1
/REP,FAST   
/DIST, 1 ,0.924021,1
/REP,FAST   
/DIST, 1 ,0.924021,1
/REP,FAST   
/DIST, 1 ,0.924021,1
/REP,FAST   
/DIST, 1 ,1.082226,1
/REP,FAST   
/DIST, 1 ,1.082226,1
/REP,FAST   
/DIST, 1 ,1.082226,1
/REP,FAST   
/DIST, 1 ,1.082226,1
/REP,FAST   
/DIST, 1 ,1.082226,1
/REP,FAST   
/DIST, 1 ,1.082226,1
/REP,FAST   
/DIST, 1 ,1.082226,1
/REP,FAST   
/DIST, 1 ,1.082226,1
/REP,FAST   
/DIST, 1 ,0.924021,1
/REP,FAST   
/DIST, 1 ,0.924021,1
/REP,FAST   
/DIST, 1 ,0.924021,1
/REP,FAST   
/DIST, 1 ,1.082226,1
/REP,FAST   
/DIST, 1 ,1.082226,1
/REP,FAST   
/USER,  1   
/DIST,  1,   236.013019722  
/ANG,   1,  -11.4000000000  
/REPLO  
/DIST, 1 ,0.924021,1
/REP,FAST   
/DIST, 1 ,0.924021,1
/REP,FAST   
/DIST, 1 ,0.924021,1
/REP,FAST   
/DIST, 1 ,0.924021,1
/REP,FAST   
/DIST,  1,   215.341040289  
/ANG,   1,  -31.8000000000  
/REPLO  
/DIST, 1 ,0.924021,1
/REP,FAST   
/DIST, 1 ,0.924021,1
/REP,FAST   
/DIST, 1 ,0.924021,1
/REP,FAST   
/DIST, 1 ,0.924021,1
/REP,FAST   
/DIST, 1 ,1.082226,1
/REP,FAST   
/DIST, 1 ,1.082226,1
/REP,FAST   
/DIST, 1 ,1.082226,1
/REP,FAST   
/DIST, 1 ,1.082226,1
/REP,FAST   
/DIST, 1 ,1.082226,1
/REP,FAST   
/DIST, 1 ,1.082226,1
/REP,FAST   
/DIST, 1 ,1.082226,1
/REP,FAST   
FINISH  
/PREP7  
!*  
/FOC, 1 ,0.300000,,,1   
/REP,FAST   
/FOC, 1 ,0.300000,,,1   
/REP,FAST   
/FOC, 1 ,0.300000,,,1   
/REP,FAST   
/FOC, 1 ,-0.300000,,,1  
/REP,FAST   
/FOC, 1 ,-0.300000,,,1  
/REP,FAST   
/FOC, 1 ,-0.300000,,,1  
/REP,FAST   
/ANG, 1 ,-30.000000,XS,1
/REP,FAST   
/ANG, 1 ,-30.000000,XS,1
/REP,FAST   
/ANG, 1 ,-30.000000,XS,1
/REP,FAST   
/ANG, 1 ,-30.000000,XS,1
/REP,FAST   
/ANG, 1 ,-30.000000,XS,1
/REP,FAST   
/ANG, 1 ,-30.000000,XS,1
/REP,FAST   
/ANG, 1 ,-30.000000,XS,1
/REP,FAST   
/ANG, 1 ,-30.000000,XS,1
/REP,FAST   
/ANG, 1 ,-30.000000,XS,1
/REP,FAST   
/ANG, 1 ,-30.000000,XS,1
/REP,FAST   
/ANG, 1 ,-30.000000,XS,1
/REP,FAST   
/ANG, 1 ,-30.000000,XS,1
/REP,FAST   
/ANG, 1 ,-30.000000,XS,1
/REP,FAST   
/ANG, 1 ,-30.000000,XS,1
/REP,FAST   
/ANG, 1 ,-30.000000,XS,1
/REP,FAST   
/ANG, 1 ,-30.000000,XS,1
/REP,FAST   
/ANG, 1 ,-30.000000,XS,1
/REP,FAST   
/ANG, 1 ,-30.000000,XS,1
/REP,FAST   
/ANG, 1 ,-30.000000,XS,1
/REP,FAST   
/ANG, 1 ,-30.000000,XS,1
/REP,FAST   
/ANG, 1 ,-30.000000,XS,1
/REP,FAST   
/ANG, 1 ,-30.000000,XS,1
/REP,FAST   
/ANG, 1 ,-30.000000,XS,1
/REP,FAST   
/ANG, 1 ,-30.000000,XS,1
/REP,FAST   
/ANG, 1 ,-30.000000,XS,1
/REP,FAST   
/VIEW, 1 ,,1
/ANG, 1 
/REP,FAST   
/VIEW, 1 ,,,1   
/ANG, 1 
/REP,FAST   
/VIEW, 1 ,1,1,1 
/ANG, 1 
/REP,FAST   
/ANG, 1 ,30.000000,XS,1 
/REP,FAST   
/ANG, 1 ,-30.000000,XS,1
/REP,FAST   
FINISH  
/CLEAR,NOSTART  
/COM,ANSYS RELEASE 2023 R1           BUILD 23.1      UP20221128       16:03:10
!*  
/DIST, 1 ,0.989519,1
/REP,FAST   
/DIST, 1 ,0.989519,1
/REP,FAST   
/DIST, 1 ,0.989519,1
/REP,FAST   
/DIST, 1 ,0.989519,1
/REP,FAST   
/DIST, 1 ,1.010592,1
/REP,FAST   
/DIST, 1 ,1.010592,1
/REP,FAST   
/DIST, 1 ,1.010592,1
/REP,FAST   
/DIST, 1 ,1.010592,1
/REP,FAST   
/DIST, 1 ,1.010592,1
/REP,FAST   
FINISH  
! /EXIT,NOSAV   
/BATCH  
/COM,ANSYS RELEASE 2023 R1           BUILD 23.1      UP20221128       16:10:08
/input,menust,tmp,''
/GRA,POWER
/GST,ON
/PLO,INFO,3
/GRO,CURL,ON
/CPLANE,1   
/REPLOT,RESIZE  
WPSTYLE,,,,,,,,0
/REPLOT,RESIZE  
!*  
/NOPR   
KEYW,PR_SET,1   
KEYW,PR_STRUC,1 
KEYW,PR_THERM,0 
KEYW,PR_FLUID,0 
KEYW,PR_ELMAG,0 
KEYW,MAGNOD,0   
KEYW,MAGEDG,0   
KEYW,MAGHFE,0   
KEYW,MAGELC,0   
KEYW,PR_MULTI,0 
/GO 
!*  
/COM,   
/COM,Preferences for GUI filtering have been set to display:
/COM,  Structural   
!*  
/PREP7  
!*  
/NOPR   
KEYW,PR_SET,1   
KEYW,PR_STRUC,1 
KEYW,PR_THERM,0 
KEYW,PR_FLUID,0 
KEYW,PR_ELMAG,0 
KEYW,MAGNOD,0   
KEYW,MAGEDG,0   
KEYW,MAGHFE,0   
KEYW,MAGELC,0   
KEYW,PR_MULTI,0 
/GO 
!*  
/COM,   
/COM,Preferences for GUI filtering have been set to display:
/COM,  Structural   
!*  
!*  
ET,1,BEAM188
!*  
ET,2,BEAM188
!*  
!*  
MPTEMP,,,,,,,,  
MPTEMP,1,0  
MPDATA,EX,1,,7.5999e+10 
MPDATA,PRXY,1,,0.3  
MPTEMP,,,,,,,,  
MPTEMP,1,0  
MPDATA,EX,2,,7.5999e+10 
MPDATA,PRXY,2,,0.3  
SECTYPE,   1, BEAM, CSOLID, , 0 
SECOFFSET, CENT 
SECDATA,0.01,0,0,0,0,0,0,0,0,0,0,0  
SECTYPE,   2, BEAM, CSOLID, , 0 
SECOFFSET, CENT 
SECDATA,0.0008,0,0,0,0,0,0,0,0,0,0,0
K,1,0.108255,0,0,   
K,2,-0.108255,0,0.125,  
K,3,-0.108255,0,-0.125, 
K,4,0.125,0.5,0.108255, 
K,5,-0.125,0.5,0.108255,
K,6,0,0.5,-0.108255,
/DIST, 1 ,0.924021,1
/REP,FAST   
/DIST, 1 ,0.924021,1
/REP,FAST   
/DIST, 1 ,0.924021,1
/REP,FAST   
/DIST, 1 ,1.082226,1
/REP,FAST   
/DIST, 1 ,1.082226,1
/REP,FAST   
/DIST, 1 ,1.082226,1
/REP,FAST   
/DIST, 1 ,1.082226,1
/REP,FAST   
/DIST, 1 ,1.082226,1
/REP,FAST   
/DIST, 1 ,1.082226,1
/REP,FAST   
/DIST, 1 ,1.082226,1
/REP,FAST   
/DIST, 1 ,1.082226,1
/REP,FAST   
/USER,  1   
/FOC,   1, -0.104102729277E-01,  0.249387631004    ,   0.00000000000
/REPLO  
/DIST,  1,  0.354119063812  
/ANG,   1, -0.600000000000  
/REPLO  
/DIST, 1 ,0.924021,1
/REP,FAST   
/DIST, 1 ,0.924021,1
/REP,FAST   
/DIST, 1 ,0.924021,1
/REP,FAST   
/DIST, 1 ,0.924021,1
/REP,FAST   
/DIST, 1 ,1.082226,1
/REP,FAST   
/DIST, 1 ,1.082226,1
/REP,FAST   
/DIST, 1 ,1.082226,1
/REP,FAST   
/DIST, 1 ,1.082226,1
/REP,FAST   
/DIST, 1 ,1.082226,1
/REP,FAST   
/DIST, 1 ,1.082226,1
/REP,FAST   
/VIEW,1,1,1,1   
/ANG,1  
/REP,FAST   
LSTR,       1,       3  
LSTR,       3,       2  
LSTR,       2,       1  
LSTR,       4,       5  
LSTR,       5,       6  
LSTR,       6,       4  
LSTR,       1,       4  
LSTR,       3,       6  
LSTR,       2,       5  
FLST,5,9,4,ORDE,2   
FITEM,5,1   
FITEM,5,-9  
CM,_Y,LINE  
LSEL, , , ,P51X 
CM,_Y1,LINE 
CMSEL,S,_Y  
!*  
!*  
CMSEL,S,_Y1 
LATT,2, ,2, , , ,2  
CMSEL,S,_Y  
CMDELE,_Y   
CMDELE,_Y1  
!*  
LSTR,       1,       5  
LSTR,       2,       6  
LSTR,       3,       4  
FLST,5,3,4,ORDE,2   
FITEM,5,10  
FITEM,5,-12 
CM,_Y,LINE  
LSEL, , , ,P51X 
CM,_Y1,LINE 
CMSEL,S,_Y  
!*  
!*  
CMSEL,S,_Y1 
LATT,1, ,1, , , ,1  
CMSEL,S,_Y  
CMDELE,_Y   
CMDELE,_Y1  
!*  
FLST,2,12,4,ORDE,2  
FITEM,2,1   
FITEM,2,-12 
LMESH,P51X  
SMRT,6  
SMRT,4  
FLST,2,12,4,ORDE,2  
FITEM,2,1   
FITEM,2,-12 
LMESH,P51X  
FINISH  
/SOL
FLST,2,3,3,ORDE,2   
FITEM,2,1   
FITEM,2,-3  
!*  
/GO 
DK,P51X, , , ,0,ALL, , , , , ,  
FLST,2,3,3,ORDE,2   
FITEM,2,4   
FITEM,2,-6  
!*  
/GO 
FK,P51X,FY,-1000
/STATUS,SOLU
SOLVE   
FINISH  
/POST1  
!*  
/EFACET,1   
PLNSOL, S,EQV, 1,1.0
/EFACET,1   
PLNSOL, S,EQV, 1,1.0
!*  
/SHRINK,0   
/ESHAPE,1.0 
/EFACET,1   
/RATIO,1,1,1
/CFORMAT,32,0   
/REPLOT 
!*  
!*  
/SHRINK,0   
/ESHAPE,1   
/EFACET,1   
/RATIO,1,1,1
/CFORMAT,32,0   
/REPLOT 
!*  
!*  
/SHRINK,0.1 
/ESHAPE,1   
/EFACET,1   
/RATIO,1,1,1
/CFORMAT,32,0   
/REPLOT 
!*  
!*  
/SHRINK,0.1 
/ESHAPE,1   
/EFACET,1   
/RATIO,1,1,1
/CFORMAT,32,0   
/REPLOT 
!*  
!*  
/SHRINK,0   
/ESHAPE,1   
/EFACET,1   
/RATIO,1,1,1
/CFORMAT,32,0   
/REPLOT 
!*  
!*  
/SHRINK,0   
/ESHAPE,1   
/EFACET,1   
/RATIO,1,1,1
/CFORMAT,32,0   
/REPLOT 
!*  
/SHOW,WIN32C
SET,FIRST   
/PLOPTS,INFO,3  
/CONTOUR,ALL,18 
/PNUM,MAT,1 
/NUMBER,1   
/REPLOT,RESIZE  
PLNSOL,S,EQV
PLNSOL,S,EQV
! /UIS,ABORT,1  
/SHOW,WIN32 
/REPLOT,RESIZE  
!*  
/EFACET,1   
PLNSOL, S,EQV, 1,1.0
/EFACET,1   
PLNSOL, S,EQV, 1,1.0
/DIST, 1 ,0.924021,1
/REP,FAST   
/DIST, 1 ,0.924021,1
/REP,FAST   
/DIST, 1 ,0.924021,1
/REP,FAST   
FINISH  
! /EXIT,NOSAV   
/BATCH  
/COM,ANSYS RELEASE 2023 R1           BUILD 23.1      UP20221128       16:58:52
/input,menust,tmp,''
/GRA,POWER
/GST,ON
/PLO,INFO,3
/GRO,CURL,ON
/CPLANE,1   
/REPLOT,RESIZE  
WPSTYLE,,,,,,,,0
/REPLOT,RESIZE  
/DIST, 1 ,0.924021,1
/REP,FAST   
/DIST, 1 ,0.924021,1
/REP,FAST   
/DIST, 1 ,0.924021,1
/REP,FAST   
/DIST, 1 ,0.924021,1
/REP,FAST   
/DIST, 1 ,1.082226,1
/REP,FAST   
/DIST, 1 ,1.082226,1
/REP,FAST   
/DIST, 1 ,1.082226,1
/REP,FAST   
/DIST, 1 ,1.082226,1
/REP,FAST   
/DIST, 1 ,0.924021,1
/REP,FAST   
/DIST, 1 ,0.924021,1
/REP,FAST   
/DIST, 1 ,0.924021,1
/REP,FAST   
/DIST, 1 ,1.082226,1
/REP,FAST   
/DIST, 1 ,1.082226,1
/REP,FAST   
/DIST, 1 ,1.082226,1
/REP,FAST   
RESUME  
/COM,ANSYS RELEASE 2023 R1           BUILD 23.1      UP20221128       16:59:04
/REPLOT,RESIZE  
SAVE
SAVE
/CWD,'D:\Fall Sem\Tense-apdl\mat-import -apdl_files\dp0\APDL-1\ANSYS'   
RESUME  
/COM,ANSYS RELEASE 2023 R1           BUILD 23.1      UP20221128       17:01:20
/DIST, 1 ,0.924021,1
/REP,FAST   
/DIST, 1 ,0.924021,1
/REP,FAST   
/DIST, 1 ,0.924021,1
/REP,FAST   
/DIST, 1 ,0.924021,1
/REP,FAST   
/DIST, 1 ,0.924021,1
/REP,FAST   
/DIST, 1 ,0.924021,1
/REP,FAST   
/DIST, 1 ,1.082226,1
/REP,FAST   
/DIST, 1 ,1.082226,1
/REP,FAST   
/DIST, 1 ,1.082226,1
/REP,FAST   
/DIST, 1 ,1.082226,1
/REP,FAST   
/DIST, 1 ,1.082226,1
/REP,FAST   
RESUME  
/COM,ANSYS RELEASE 2023 R1           BUILD 23.1      UP20221128       17:01:26
/DIST, 1 ,0.924021,1
/REP,FAST   
/DIST, 1 ,0.924021,1
/REP,FAST   
/DIST, 1 ,0.924021,1
/REP,FAST   
/DIST, 1 ,1.082226,1
/REP,FAST   
RESUME,'file','db','.'  
/COM,ANSYS RELEASE 2023 R1           BUILD 23.1      UP20221128       17:01:34
/REPLOT,RESIZE  
/DIST, 1 ,0.924021,1
/REP,FAST   
/DIST, 1 ,1.082226,1
/REP,FAST   
/DIST, 1 ,1.082226,1
/REP,FAST   
/DIST, 1 ,0.924021,1
/REP,FAST   
/DIST, 1 ,0.924021,1
/REP,FAST   
/DIST, 1 ,0.924021,1
/REP,FAST   
/DIST, 1 ,0.924021,1
/REP,FAST   
/DIST, 1 ,0.924021,1
/REP,FAST   
/DIST, 1 ,0.924021,1
/REP,FAST   
/DIST, 1 ,0.924021,1
/REP,FAST   
/DIST, 1 ,0.924021,1
/REP,FAST   
/DIST, 1 ,0.924021,1
/REP,FAST   
/DIST, 1 ,0.924021,1
/REP,FAST   
/DIST, 1 ,0.924021,1
/REP,FAST   
/DIST, 1 ,1.082226,1
/REP,FAST   
/DIST, 1 ,1.082226,1
/REP,FAST   
/DIST, 1 ,1.082226,1
/REP,FAST   
/DIST, 1 ,1.082226,1
/REP,FAST   
/DIST, 1 ,1.082226,1
/REP,FAST   
RESUME,'file','dbb','.' 
/COM,ANSYS RELEASE 2023 R1           BUILD 23.1      UP20221128       17:01:41
/DIST, 1 ,0.924021,1
/REP,FAST   
/DIST, 1 ,0.924021,1
/REP,FAST   
/DIST, 1 ,0.924021,1
/REP,FAST   
/DIST, 1 ,1.082226,1
/REP,FAST   
/DIST, 1 ,1.082226,1
/REP,FAST   
/DIST, 1 ,1.082226,1
/REP,FAST   
/DIST, 1 ,0.924021,1
/REP,FAST   
/DIST, 1 ,0.924021,1
/REP,FAST   
/DIST, 1 ,1.082226,1
/REP,FAST   
/DIST, 1 ,1.082226,1
/REP,FAST   
!*  
/NOPR   
KEYW,PR_SET,1   
KEYW,PR_STRUC,1 
KEYW,PR_THERM,0 
KEYW,PR_FLUID,0 
KEYW,PR_ELMAG,0 
KEYW,MAGNOD,0   
KEYW,MAGEDG,0   
KEYW,MAGHFE,0   
KEYW,MAGELC,0   
KEYW,PR_MULTI,0 
/GO 
!*  
/COM,   
/COM,Preferences for GUI filtering have been set to display:
/COM,  Structural   
!*  
/PREP7  
!*  
ET,1,BEAM188
!*  
ET,2,BEAM188
!*  
!*  
MPTEMP,,,,,,,,  
MPTEMP,1,0  
MPDATA,EX,1,,7.5999e+10 
MPDATA,PRXY,1,,0.3  
MPTEMP,,,,,,,,  
MPTEMP,1,0  
MPDATA,EX,2,,7.5999e+10 
MPDATA,PRXY,2,,0.3  
SECTYPE,   1, BEAM, CSOLID, , 0 
SECOFFSET, CENT 
SECDATA,0.01,0,0,0,0,0,0,0,0,0,0,0  
SECTYPE,   2, BEAM, CSOLID, , 0 
SECOFFSET, CENT 
SECDATA,0.0008,0,0,0,0,0,0,0,0,0,0,0
SECTYPE,   2, BEAM, CSOLID, , 0 
SECOFFSET, CENT 
SECDATA,0.0008,0,0,0,0,0,0,0,0,0,0,0
K,1,0.108255,0,0,   
K,2,-0.108255,0,0.125,  
K,3,-0.108255,0,-0.125, 
K,4,0.125,0.5,0.108255, 
K,5,-0.125,0.5,0.108255,
K,6,0,0.5,-0.108255,
K,6,0,0.5,-0.108255,
/DIST, 1 ,0.924021,1
/REP,FAST   
/DIST, 1 ,0.924021,1
/REP,FAST   
/DIST, 1 ,0.924021,1
/REP,FAST   
/DIST, 1 ,0.924021,1
/REP,FAST   
/DIST, 1 ,0.924021,1
/REP,FAST   
/DIST, 1 ,0.924021,1
/REP,FAST   
/DIST, 1 ,1.082226,1
/REP,FAST   
/DIST, 1 ,1.082226,1
/REP,FAST   
/DIST, 1 ,1.082226,1
/REP,FAST   
/DIST, 1 ,1.082226,1
/REP,FAST   
/DIST, 1 ,1.082226,1
/REP,FAST   
/VIEW,1,1,1,1   
/ANG,1  
/REP,FAST   
LSTR,       1,       2  
LSTR,       2,       3  
LSTR,       3,       1  
LSTR,       4,       5  
LSTR,       5,       6  
LSTR,       6,       4  
LSTR,       1,       4  
LSTR,       2,       5  
LSTR,       3,       6  
FLST,5,9,4,ORDE,2   
FITEM,5,1   
FITEM,5,-9  
CM,_Y,LINE  
LSEL, , , ,P51X 
CM,_Y1,LINE 
CMSEL,S,_Y  
!*  
!*  
CMSEL,S,_Y1 
LATT,2, ,2, , , ,2  
CMSEL,S,_Y  
CMDELE,_Y   
CMDELE,_Y1  
!*  
LSTR,       1,       5  
LSTR,       2,       6  
LSTR,       3,       4  
FLST,5,3,4,ORDE,2   
FITEM,5,10  
FITEM,5,-12 
CM,_Y,LINE  
LSEL, , , ,P51X 
CM,_Y1,LINE 
CMSEL,S,_Y  
!*  
!*  
CMSEL,S,_Y1 
LATT,1, ,1, , , ,1  
CMSEL,S,_Y  
CMDELE,_Y   
CMDELE,_Y1  
!*  
SMRT,6  
SMRT,1  
SMRT,3  
FLST,2,12,4,ORDE,2  
FITEM,2,1   
FITEM,2,-12 
LMESH,P51X  
/DIST, 1 ,0.924021,1
/REP,FAST   
/DIST, 1 ,0.924021,1
/REP,FAST   
/DIST, 1 ,1.082226,1
/REP,FAST   
/DIST, 1 ,0.924021,1
/REP,FAST   
!*  
/SHRINK,0   
/ESHAPE,1.0 
/EFACET,1   
/RATIO,1,1,1
/CFORMAT,32,0   
/REPLOT 
!*  
SAVE,'nonmattens','db','D:\FALL SEM\Tense-apdl\'
FINISH  
/SOL
FINISH  
/PREP7  
/DIST, 1 ,0.924021,1
/REP,FAST   
/DIST, 1 ,0.924021,1
/REP,FAST   
/DIST, 1 ,1.082226,1
/REP,FAST   
/DIST, 1 ,1.082226,1
/REP,FAST   
/DIST, 1 ,0.924021,1
/REP,FAST   
/DIST, 1 ,0.924021,1
/REP,FAST   
/DIST, 1 ,0.924021,1
/REP,FAST   
/DIST, 1 ,0.924021,1
/REP,FAST   
/DIST, 1 ,0.924021,1
/REP,FAST   
/DIST, 1 ,0.924021,1
/REP,FAST   
FLST,2,3,3,ORDE,2   
FITEM,2,1   
FITEM,2,-3  
!*  
/GO 
DK,P51X, , , ,0,ALL, , , , , ,  
FLST,2,3,3,ORDE,2   
FITEM,2,4   
FITEM,2,-6  
!*  
/GO 
FK,P51X,FY,-1000
FINISH  
/SOL
/STATUS,SOLU
SOLVE   
FINISH  
/POST1  
PLDISP,1
!*  
/EFACET,1   
PLNSOL, S,EQV, 1,1.0
/SHOW,WIN32C
SET,FIRST   
/PLOPTS,INFO,3  
/CONTOUR,ALL,18 
/PNUM,MAT,1 
/NUMBER,1   
/REPLOT,RESIZE  
PLNSOL,S,EQV
/REPLOT,RESIZE  
/REPLOT,RESIZE  
! /UIS,ABORT,1  
/SHOW,WIN32 
/REPLOT,RESIZE  
!*  
/SHRINK,0   
/ESHAPE,0.0 
/EFACET,1   
/RATIO,1,1,1
/CFORMAT,32,0   
/REPLOT 
!*  
!*  
/SHRINK,0   
/ESHAPE,1.0 
/EFACET,1   
/RATIO,1,1,1
/CFORMAT,32,0   
/REPLOT 
!*  
!*  
/SHRINK,0   
/ESHAPE,1   
/EFACET,1   
/RATIO,1,1,1
/CFORMAT,32,0   
/REPLOT 
!*  
PLDISP,1
/REPLOT,RESIZE  
/REPLOT,RESIZE  
!*  
/EFACET,1   
PLNSOL, S,EQV, 1,1.0
/REPLOT,RESIZE  
/REPLOT,RESIZE  
FINISH  
FINISH  
FINISH  
FINISH  
FINISH  
FINISH  
FINISH  
SAVE
SAVE
SAVE
FINISH  
! /EXIT,ALL 
/BATCH  
/COM,ANSYS RELEASE 2023 R1           BUILD 23.1      UP20221128       17:13:33
/input,menust,tmp,''
/GRA,POWER
/GST,ON
/PLO,INFO,3
/GRO,CURL,ON
/CPLANE,1   
/REPLOT,RESIZE  
WPSTYLE,,,,,,,,0
/REPLOT,RESIZE  
FINISH  
/FILNAME,nonmattens,1   
/BATCH  
/COM,ANSYS RELEASE 2023 R1           BUILD 23.1      UP20221128       17:23:09
/input,menust,tmp,''
/GRA,POWER
/GST,ON
/PLO,INFO,3
/GRO,CURL,ON
/CPLANE,1   
/REPLOT,RESIZE  
WPSTYLE,,,,,,,,0
RESUME  
/COM,ANSYS RELEASE 2023 R1           BUILD 23.1      UP20221128       17:23:13
/REPLOT,RESIZE  
/POST1  
PLDISP,1
!*  
/EFACET,1   
PLNSOL, S,EQV, 1,1.0
/EFACET,1   
PLNSOL, S,EQV, 1,1.0
SAVE
SAVE
FINISH  
! /EXIT,ALL 
